<?xml version="1.0" encoding="UTF-8"?>
<testng-results ignored="0" total="1" passed="1" failed="0" skipped="0">
  <reporter-output>
  </reporter-output>
  <suite started-at="2019-07-20T17:36:14Z" name="Default suite" finished-at="2019-07-20T17:36:53Z" duration-ms="39604">
    <groups>
    </groups>
    <test started-at="2019-07-20T17:36:14Z" name="Default test" finished-at="2019-07-20T17:36:53Z" duration-ms="39604">
      <class name="test.AddContactTest">
        <test-method signature="Addcontact()[pri:0, instance:test.AddContactTest@3b0c9195]" started-at="2019-07-20T17:36:14Z" name="Addcontact" finished-at="2019-07-20T17:36:53Z" duration-ms="39548" status="PASS">
          <reporter-output>
          </reporter-output>
        </test-method> <!-- Addcontact -->
      </class> <!-- test.AddContactTest -->
    </test> <!-- Default test -->
  </suite> <!-- Default suite -->
</testng-results>
